<?xml version="1.0" encoding="UTF-8"?>
<!-- Generated by org.testng.reporters.JUnitXMLReporter -->
<testsuite ignored="0" hostname="Aloks-MacBook-Pro.local" failures="3" tests="8" name="Test" time="153.706" errors="0" timestamp="2025-12-15T15:35:58 IST">
  <testcase classname="testCases.TC002_LoginDDT" name="TestLogin" time="15.175">
    <failure type="java.lang.AssertionError" message="expected [true] but found [false]">
      <![CDATA[java.lang.AssertionError: expected [true] but found [false]
at testCases.TC002_LoginDDT.TestLogin(TC002_LoginDDT.java:31)
at java.base/java.util.ArrayList.forEach(ArrayList.java:1604)
... Removed 29 stack frames]]>
    </failure>
  </testcase> <!-- TestLogin -->
  <testcase classname="testCases.TC002_LoginDDT" name="TestLogin" time="20.1"/>
  <testcase classname="testCases.TC002_LoginDDT" name="TestLogin" time="21.162"/>
  <testcase classname="testCases.TC002_LoginDDT" name="TestLogin" time="15.143">
    <failure type="java.lang.AssertionError" message="expected [true] but found [false]">
      <![CDATA[java.lang.AssertionError: expected [true] but found [false]
at testCases.TC002_LoginDDT.TestLogin(TC002_LoginDDT.java:31)
at java.base/java.util.ArrayList.forEach(ArrayList.java:1604)
... Removed 29 stack frames]]>
    </failure>
  </testcase> <!-- TestLogin -->
  <testcase classname="testCases.TC002_LoginDDT" name="TestLogin" time="20.093"/>
  <testcase classname="testCases.TC002_LoginDDT" name="TestLogin" time="15.112">
    <failure type="java.lang.AssertionError" message="expected [true] but found [false]">
      <![CDATA[java.lang.AssertionError: expected [true] but found [false]
at testCases.TC002_LoginDDT.TestLogin(TC002_LoginDDT.java:31)
at java.base/java.util.ArrayList.forEach(ArrayList.java:1604)
... Removed 29 stack frames]]>
    </failure>
  </testcase> <!-- TestLogin -->
  <testcase classname="testCases.TC002_LoginDDT" name="TestLogin" time="20.093"/>
  <testcase classname="testCases.TC002_LoginDDT" name="TestLogin" time="20.644"/>
</testsuite> <!-- Test -->
