<?xml version="1.0" encoding="UTF-8"?>
<!-- Generated by org.testng.reporters.JUnitXMLReporter -->
<testsuite ignored="0" hostname="Aloks-MacBook-Pro.local" failures="1" tests="1" name="Test" time="6.306" errors="0" timestamp="2025-12-11T11:26:32 IST">
  <testcase classname="testCases.TC001_AccRegTest" name="verifyAccReg" time="1.73">
    <failure type="java.lang.AssertionError" message="expected:&amp;lt;stale element reference: stale element not found
  (Session info: chrome=142.0.7444.177)
For documentation on this error, please visit: https://www.selenium.dev/documentation/webdriver/troubleshooting/errors#staleelementreferenceexception
Build info: version: &amp;apos;4.38.0&amp;apos;, revision: &amp;apos;6b412e825c*&amp;apos;
System info: os.name: &amp;apos;Mac OS X&amp;apos;, os.arch: &amp;apos;aarch64&amp;apos;, os.version: &amp;apos;26.1&amp;apos;, java.version: &amp;apos;24.0.1&amp;apos;
Driver info: org.openqa.selenium.chrome.ChromeDriver
Command: [67fa2c17cd66409bab0e2c15511ce05a, getElementText {id=f.B8326FA65E185CF7A931878841F9E354.d.4AFC70B367463BE24026757A8DD3EB19.e.55}]
Capabilities {acceptInsecureCerts: false, browserName: chrome, browserVersion: 142.0.7444.177, chrome: {chromedriverVersion: 142.0.7444.175 (302067f14a4..., userDataDir: /var/folders/63/8vwftkn165d...}, fedcm:accounts: true, goog:chromeOptions: {debuggerAddress: localhost:53972}, goog:processID: 3041, networkConnectionEnabled: false, pageLoadStrategy: normal, platformName: mac, proxy: Proxy(), se:cdp: ws://localhost:53972/devtoo..., se:cdpVersion: 142.0.7444.177, setWindowRect: true, strictFileInteractability: false, timeouts: {implicit: 0, pageLoad: 300000, script: 30000}, unhandledPromptBehavior: dismiss and notify, webauthn:extension:credBlob: true, webauthn:extension:largeBlob: true, webauthn:extension:minPinLength: true, webauthn:extension:prf: true, webauthn:virtualAuthenticators: true}
Element: [[ChromeDriver: chrome on mac (67fa2c17cd66409bab0e2c15511ce05a)] -&amp;gt; xpath: //div[@id=&amp;apos;rightPanel&amp;apos;]//p]
Session ID: 67fa2c17cd66409bab0e2c15511ce05a&amp;gt; but was:&amp;lt;Your account was created successfully. You are now logged in.&amp;gt;">
      <![CDATA[java.lang.AssertionError: expected:<stale element reference: stale element not found
  (Session info: chrome=142.0.7444.177)
For documentation on this error, please visit: https://www.selenium.dev/documentation/webdriver/troubleshooting/errors#staleelementreferenceexception
Build info: version: '4.38.0', revision: '6b412e825c*'
System info: os.name: 'Mac OS X', os.arch: 'aarch64', os.version: '26.1', java.version: '24.0.1'
Driver info: org.openqa.selenium.chrome.ChromeDriver
Command: [67fa2c17cd66409bab0e2c15511ce05a, getElementText {id=f.B8326FA65E185CF7A931878841F9E354.d.4AFC70B367463BE24026757A8DD3EB19.e.55}]
Capabilities {acceptInsecureCerts: false, browserName: chrome, browserVersion: 142.0.7444.177, chrome: {chromedriverVersion: 142.0.7444.175 (302067f14a4..., userDataDir: /var/folders/63/8vwftkn165d...}, fedcm:accounts: true, goog:chromeOptions: {debuggerAddress: localhost:53972}, goog:processID: 3041, networkConnectionEnabled: false, pageLoadStrategy: normal, platformName: mac, proxy: Proxy(), se:cdp: ws://localhost:53972/devtoo..., se:cdpVersion: 142.0.7444.177, setWindowRect: true, strictFileInteractability: false, timeouts: {implicit: 0, pageLoad: 300000, script: 30000}, unhandledPromptBehavior: dismiss and notify, webauthn:extension:credBlob: true, webauthn:extension:largeBlob: true, webauthn:extension:minPinLength: true, webauthn:extension:prf: true, webauthn:virtualAuthenticators: true}
Element: [[ChromeDriver: chrome on mac (67fa2c17cd66409bab0e2c15511ce05a)] -> xpath: //div[@id='rightPanel']//p]
Session ID: 67fa2c17cd66409bab0e2c15511ce05a> but was:<Your account was created successfully. You are now logged in.>
at testCases.TC001_AccRegTest.verifyAccReg(TC001_AccRegTest.java:48)
at java.base/java.util.ArrayList.forEach(ArrayList.java:1604)
... Removed 27 stack frames]]>
    </failure>
  </testcase> <!-- verifyAccReg -->
</testsuite> <!-- Test -->
