<?xml version="1.0" encoding="UTF-8"?>
<testng-results ignored="0" total="1" passed="1" failed="0" skipped="0">
  <reporter-output>
  </reporter-output>
  <suite started-at="2025-12-10T12:49:58 IST" name="Default suite" finished-at="2025-12-10T12:50:04 IST" duration-ms="5791">
    <groups>
    </groups>
    <test started-at="2025-12-10T12:49:58 IST" name="Default test" finished-at="2025-12-10T12:50:04 IST" duration-ms="5791">
      <class name="testCases.TC001_AccRegTest">
        <test-method is-config="true" signature="setup()[pri:0, instance:testCases.TC001_AccRegTest@222545dc]" started-at="2025-12-10T12:49:58 IST" name="setup" finished-at="2025-12-10T12:50:02 IST" duration-ms="3987" status="PASS">
          <reporter-output>
          </reporter-output>
        </test-method> <!-- setup -->
        <test-method signature="verifyAccReg()[pri:0, instance:testCases.TC001_AccRegTest@222545dc]" started-at="2025-12-10T12:50:02 IST" name="verifyAccReg" finished-at="2025-12-10T12:50:04 IST" duration-ms="1704" status="PASS">
          <reporter-output>
          </reporter-output>
        </test-method> <!-- verifyAccReg -->
        <test-method is-config="true" signature="tearDown()[pri:0, instance:testCases.TC001_AccRegTest@222545dc]" started-at="2025-12-10T12:50:04 IST" name="tearDown" finished-at="2025-12-10T12:50:04 IST" duration-ms="87" status="PASS">
          <reporter-output>
          </reporter-output>
        </test-method> <!-- tearDown -->
      </class> <!-- testCases.TC001_AccRegTest -->
    </test> <!-- Default test -->
  </suite> <!-- Default suite -->
</testng-results>
